
> vibe-generated-app@1.0.0 dev
> vite


  VITE v5.4.20  ready in 199 ms

  ➜  Local:   http://localhost:3000/
  ➜  Network: http://172.20.46.69:3000/
2:34:39 AM [vite] Pre-transform error: Transform failed with 1 error:
/home/workspace/src/components/Hero.jsx:9:194: ERROR: Expected ">" but found "\\"
2:34:40 AM [vite] Internal server error: Transform failed with 1 error:
/home/workspace/src/components/Hero.jsx:9:194: ERROR: Expected ">" but found "\\"
  Plugin: vite:esbuild
  File: /home/workspace/src/components/Hero.jsx:9:194
  
  Expected ">" but found "\\"
  7  |  export default function Hero() {
  8  |    return (
  9  |      <section id="home" className="relative min-h-[90vh] w-full overflow-hidden bg-[#0a0b10] text-white">\n      {/* 3D Spline Scene */}\n      <div className="absolute inset-0">\n        <Spline\n          scene="https://prod.spline.design/EF7JOSsHLk16Tlw9/scene.splinecode"\n          style={{ width: '100%', height: '100%' }}\n        />\n      </div>\n\n      {/* Soft gradient overlays for mood (don't block interactions) */}\n      <div className="pointer-events-none absolute inset-0 bg-gradient-to-b from-black/40 via-black/10 to-black/80" />\n      <div className="pointer-events-none absolute -inset-x-20 -top-40 h-80 blur-3xl opacity-50 bg-[radial-gradient(closest-side,rgba(168,85,247,0.6),transparent)]" />\n      <div className="pointer-events-none absolute -inset-x-20 -bottom-40 h-80 blur-3xl opacity-40 bg-[radial-gradient(closest-side,rgba(34,211,238,0.5),transparent)]" />\n\n      {/* Content */}\n      <div className="relative mx-auto flex max-w-6xl flex-col items-center px-6 pt-28 pb-20 text-center md:pt-36">\n        <motion.span\n          initial={{ opacity: 0, y: 10 }}\n          animate={{ opacity: 1, y: 0 }}\n          transition={{ duration: 0.6, delay: 0.1 }}\n          className="mb-4 inline-flex items-center gap-2 rounded-full border border-white/10 bg-white/5 px-4 py-1 text-xs uppercase tracking-[0.2em] text-white/80 backdrop-blur-sm"\n        >\n          Futuristic • 3D • Prompt Engineering
     |                                                                                                                                                                                                    ^
  10 |          </motion.span>\n\n        <motion.h1\n          initial={{ opacity: 0, y: 12 }}\n          animate={{ opacity: 1, y: 0 }}\n          transition={{ duration: 0.7, delay: 0.2 }}\n          className="text-4xl font-extrabold leading-tight sm:text-6xl md:text-7xl"
  11 |          >\n          <span className={`bg-gradient-to-r ${neonGradient} bg-clip-text text-transparent drop-shadow-[0_0_20px_rgba(168,85,247,0.35)]`}>
  
      at failureErrorWithLog (/home/workspace/node_modules/esbuild/lib/main.js:1472:15)
      at /home/workspace/node_modules/esbuild/lib/main.js:755:50
      at responseCallbacks.<computed> (/home/workspace/node_modules/esbuild/lib/main.js:622:9)
      at handleIncomingPacket (/home/workspace/node_modules/esbuild/lib/main.js:677:12)
      at Socket.readFromStdout (/home/workspace/node_modules/esbuild/lib/main.js:600:7)
      at Socket.emit (node:events:508:28)
      at addChunk (node:internal/streams/readable:559:12)
      at readableAddChunkPushByteMode (node:internal/streams/readable:510:3)
      at Readable.push (node:internal/streams/readable:390:5)
      at Pipe.onStreamRead (node:internal/stream_base_commons:189:23)
